platforms/android/build/outputs/logs/manifest-merger-F0-F1-F2-F3-F4-F5-F6-F7-F8-F9-F10-F11-F12-debug-report.txt
-- Merging decision tree log ---
manifest
ADDED from src\main\AndroidManifest.xml:2:1-49:12
	package
		ADDED from src\main\AndroidManifest.xml:3:2-33
		INJECTED from src\main\AndroidManifest.xml
		INJECTED from src\F0\AndroidManifest.xml
	android:versionName
		ADDED from src\main\AndroidManifest.xml:5:2-27
		INJECTED from src\main\AndroidManifest.xml
		ADDED from src\main\AndroidManifest.xml:5:2-27
		INJECTED from src\F0\AndroidManifest.xml
	android:versionCode
		ADDED from src\main\AndroidManifest.xml:4:2-25
		INJECTED from src\main\AndroidManifest.xml
		ADDED from src\main\AndroidManifest.xml:4:2-25
		INJECTED from src\F0\AndroidManifest.xml
	xmlns:android
		ADDED from src\main\AndroidManifest.xml:2:11-69
supports-screens
ADDED from src\main\AndroidManifest.xml:7:2-11:33
	android:largeScreens
		ADDED from src\main\AndroidManifest.xml:10:3-30
	android:smallScreens
		ADDED from src\main\AndroidManifest.xml:8:3-30
	android:normalScreens
		ADDED from src\main\AndroidManifest.xml:9:3-31
	android:xlargeScreens
		ADDED from src\main\AndroidManifest.xml:11:3-31
uses-sdk
ADDED from src\main\AndroidManifest.xml:13:2-15:34
MERGED from [Elab:runtime:unspecified] AndroidManifest.xml:7:5-9:41
MERGED from [com.android.support:cardview-v7:25.3.1] AndroidManifest.xml:20:5-43
MERGED from [com.romandanylyk:pageindicatorview:0.2.0] AndroidManifest.xml:8:5-10:41
MERGED from [com.github.jinatonic.confetti:confetti:1.1.0] AndroidManifest.xml:6:5-8:41
MERGED from [com.github.andyxialm:ColorDialog:fc1804b35a] AndroidManifest.xml:7:5-9:41
MERGED from [pl.droidsonroids.gif:android-gif-drawable:1.1.17] AndroidManifest.xml:7:5-9:41
MERGED from [com.yalantis:ucrop:1.5.0] AndroidManifest.xml:8:5-10:41
MERGED from [com.daimajia.numberprogressbar:library:1.4] AndroidManifest.xml:7:5-9:41
MERGED from [com.pixplicity.sharp:library:1.0.2] AndroidManifest.xml:7:5-44
MERGED from [com.library.tangxiaolv:telegramgallery:1.0.1] AndroidManifest.xml:7:5-9:41
MERGED from [:Common-2017.1.629-dev-release:] AndroidManifest.xml:7:5-9:41
MERGED from [:Data-2017.1.629-dev-release:] AndroidManifest.xml:7:5-9:41
MERGED from [:List-2017.1.629-dev-release:] AndroidManifest.xml:7:5-9:41
MERGED from [:Primitives-2017.1.629-dev-release:] AndroidManifest.xml:7:5-9:41
MERGED from [:widgets-release:] AndroidManifest.xml:7:5-9:41
MERGED from [com.android.support:design:25.3.1] AndroidManifest.xml:21:5-23:62
MERGED from [com.android.support:appcompat-v7:25.3.1] AndroidManifest.xml:21:5-23:78
MERGED from [com.android.support:animated-vector-drawable:25.3.1] AndroidManifest.xml:20:5-44
MERGED from [com.android.support:support-vector-drawable:25.3.1] AndroidManifest.xml:20:5-43
MERGED from [com.android.support:recyclerview-v7:25.3.1] AndroidManifest.xml:20:5-43
MERGED from [com.android.support:transition:25.3.1] AndroidManifest.xml:20:5-44
MERGED from [com.android.support:support-v4:25.3.1] AndroidManifest.xml:21:5-23:54
MERGED from [com.android.support:support-fragment:25.3.1] AndroidManifest.xml:21:5-23:60
MERGED from [com.android.support:support-media-compat:25.3.1] AndroidManifest.xml:21:5-23:63
MERGED from [com.android.support:support-core-ui:25.3.1] AndroidManifest.xml:21:5-23:58
MERGED from [com.android.support:support-core-utils:25.3.1] AndroidManifest.xml:21:5-23:61
MERGED from [com.android.support:support-compat:25.3.1] AndroidManifest.xml:21:5-23:58
	tools:overrideLibrary
		ADDED from [com.android.support:design:25.3.1] AndroidManifest.xml:23:9-59
	android:targetSdkVersion
		ADDED from src\main\AndroidManifest.xml:15:3-32
		INJECTED from src\main\AndroidManifest.xml
		INJECTED from src\F0\AndroidManifest.xml
	android:minSdkVersion
		ADDED from src\main\AndroidManifest.xml:14:3-29
		INJECTED from src\main\AndroidManifest.xml
		INJECTED from src\F0\AndroidManifest.xml
uses-permission#android.permission.READ_EXTERNAL_STORAGE
ADDED from src\main\AndroidManifest.xml:17:2-76
MERGED from src\main\AndroidManifest.xml:17:2-76
	android:name
		ADDED from src\main\AndroidManifest.xml:17:19-74
uses-permission#android.permission.WRITE_EXTERNAL_STORAGE
ADDED from src\main\AndroidManifest.xml:18:2-77
MERGED from src\main\AndroidManifest.xml:18:2-77
	android:name
		ADDED from src\main\AndroidManifest.xml:18:19-75
uses-permission#android.permission.INTERNET
ADDED from src\main\AndroidManifest.xml:19:2-63
	android:name
		ADDED from src\main\AndroidManifest.xml:19:19-61
uses-permission#android.permission.READ_SMS
ADDED from src\main\AndroidManifest.xml:20:3-65
MERGED from src\main\AndroidManifest.xml:20:3-65
	android:name
		ADDED from src\main\AndroidManifest.xml:20:20-62
uses-permission#android.permission.ACCESS_WIFI_STATE
ADDED from src\main\AndroidManifest.xml:21:2-73
	android:name
		ADDED from src\main\AndroidManifest.xml:21:19-70
uses-permission#android.permission.ACCESS_NETWORK_STATE
ADDED from src\main\AndroidManifest.xml:22:3-77
	android:name
		ADDED from src\main\AndroidManifest.xml:22:20-74
application
ADDED from src\main\AndroidManifest.xml:23:2-48:16
MERGED from src\F10\AndroidManifest.xml:6:5-8:19
MERGED from src\main\AndroidManifest.xml:23:2-48:16
MERGED from [com.android.support:cardview-v7:25.3.1] AndroidManifest.xml:26:5-20
MERGED from [com.github.andyxialm:ColorDialog:fc1804b35a] AndroidManifest.xml:11:5-15:19
MERGED from [com.library.tangxiaolv:telegramgallery:1.0.1] AndroidManifest.xml:11:5-15:19
MERGED from [:Common-2017.1.629-dev-release:] AndroidManifest.xml:11:5-12:19
MERGED from [:Data-2017.1.629-dev-release:] AndroidManifest.xml:11:5-12:19
MERGED from [:List-2017.1.629-dev-release:] AndroidManifest.xml:11:5-12:19
MERGED from [:Primitives-2017.1.629-dev-release:] AndroidManifest.xml:11:5-12:19
MERGED from [:widgets-release:] AndroidManifest.xml:11:5-12:19
MERGED from [com.android.support:design:25.3.1] AndroidManifest.xml:29:5-20
MERGED from [com.android.support:appcompat-v7:25.3.1] AndroidManifest.xml:29:5-20
MERGED from [com.android.support:animated-vector-drawable:25.3.1] AndroidManifest.xml:26:5-20
MERGED from [com.android.support:support-vector-drawable:25.3.1] AndroidManifest.xml:26:5-20
MERGED from [com.android.support:transition:25.3.1] AndroidManifest.xml:26:5-20
MERGED from [com.android.support:support-v4:25.3.1] AndroidManifest.xml:29:5-20
MERGED from [com.android.support:support-fragment:25.3.1] AndroidManifest.xml:29:5-20
MERGED from [com.android.support:support-media-compat:25.3.1] AndroidManifest.xml:29:5-20
MERGED from [com.android.support:support-core-ui:25.3.1] AndroidManifest.xml:29:5-20
MERGED from [com.android.support:support-core-utils:25.3.1] AndroidManifest.xml:29:5-20
MERGED from [com.android.support:support-compat:25.3.1] AndroidManifest.xml:29:5-20
	android:label
		ADDED from src\main\AndroidManifest.xml:27:3-35
		ADDED from src\main\AndroidManifest.xml:27:3-35
	android:supportsRtl
		ADDED from [com.github.andyxialm:ColorDialog:fc1804b35a] AndroidManifest.xml:14:9-35
	android:allowBackup
		ADDED from src\main\AndroidManifest.xml:25:3-29
		ADDED from src\main\AndroidManifest.xml:25:3-29
	android:icon
		ADDED from src\main\AndroidManifest.xml:26:3-32
		ADDED from src\main\AndroidManifest.xml:26:3-32
	android:theme
		ADDED from src\main\AndroidManifest.xml:28:3-34
		ADDED from src\main\AndroidManifest.xml:28:3-34
	android:name
		ADDED from src\main\AndroidManifest.xml:24:3-49
		ADDED from src\main\AndroidManifest.xml:24:3-49
activity#com.yalantis.ucrop.UCropActivity
ADDED from src\main\AndroidManifest.xml:31:5-101
	android:screenOrientation
		ADDED from src\main\AndroidManifest.xml:31:63-99
	android:name
		ADDED from src\main\AndroidManifest.xml:31:15-62
activity#com.tns.NativeScriptActivity
ADDED from src\main\AndroidManifest.xml:32:3-44:14
	android:label
		ADDED from src\main\AndroidManifest.xml:34:4-49
	android:configChanges
		ADDED from src\main\AndroidManifest.xml:35:4-65
	android:theme
		ADDED from src\main\AndroidManifest.xml:36:4-44
	android:name
		ADDED from src\main\AndroidManifest.xml:33:4-47
meta-data#SET_THEME_ON_LAUNCH
ADDED from src\main\AndroidManifest.xml:38:4-87
	android:resource
		ADDED from src\main\AndroidManifest.xml:38:50-84
	android:name
		ADDED from src\main\AndroidManifest.xml:38:15-49
intent-filter#android.intent.action.MAIN+android.intent.category.LAUNCHER
ADDED from src\main\AndroidManifest.xml:40:4-43:20
action#android.intent.action.MAIN
ADDED from src\main\AndroidManifest.xml:41:5-57
	android:name
		ADDED from src\main\AndroidManifest.xml:41:13-54
category#android.intent.category.LAUNCHER
ADDED from src\main\AndroidManifest.xml:42:5-65
	android:name
		ADDED from src\main\AndroidManifest.xml:42:15-62
activity#com.tns.ErrorReportActivity
ADDED from src\main\AndroidManifest.xml:45:3-57
	android:name
		ADDED from src\main\AndroidManifest.xml:45:13-55
activity#com.tangxiaolv.telegramgallery.GalleryActivity
ADDED from src\F10\AndroidManifest.xml:7:9-83
	android:name
		ADDED from src\F10\AndroidManifest.xml:7:19-80
meta-data#android.support.VERSION
ADDED from [com.android.support:cardview-v7:25.3.1] AndroidManifest.xml:22:5-24:34
MERGED from [com.android.support:design:25.3.1] AndroidManifest.xml:25:5-27:34
MERGED from [com.android.support:appcompat-v7:25.3.1] AndroidManifest.xml:25:5-27:34
MERGED from [com.android.support:animated-vector-drawable:25.3.1] AndroidManifest.xml:22:5-24:34
MERGED from [com.android.support:support-vector-drawable:25.3.1] AndroidManifest.xml:22:5-24:34
MERGED from [com.android.support:recyclerview-v7:25.3.1] AndroidManifest.xml:22:5-24:34
MERGED from [com.android.support:transition:25.3.1] AndroidManifest.xml:22:5-24:34
MERGED from [com.android.support:support-v4:25.3.1] AndroidManifest.xml:25:5-27:34
MERGED from [com.android.support:support-fragment:25.3.1] AndroidManifest.xml:25:5-27:34
MERGED from [com.android.support:support-media-compat:25.3.1] AndroidManifest.xml:25:5-27:34
MERGED from [com.android.support:support-core-ui:25.3.1] AndroidManifest.xml:25:5-27:34
MERGED from [com.android.support:support-core-utils:25.3.1] AndroidManifest.xml:25:5-27:34
MERGED from [com.android.support:support-compat:25.3.1] AndroidManifest.xml:25:5-27:34
	android:value
		ADDED from [com.android.support:cardview-v7:25.3.1] AndroidManifest.xml:24:9-31
	android:name
		ADDED from [com.android.support:cardview-v7:25.3.1] AndroidManifest.xml:23:9-47